[2026-06-22T21:41:04.254Z][INFO] Command-line: /Applications/Unity/Hub/Editor/6000.5.0f1/Unity.app/Contents/Helpers/PackageManager/Server/UnityPackageManager server -s 19978 --ipc-path /tmp/Unity-Upm-19978.sock -l 2 --log-file /Users/velja/IdeaProjects/from-zero-to-hero/unity-game/Logs/upm.log
[2026-06-22T21:41:04.280Z][INFO] IPC server started (IPC path=/tmp/Unity-Upm-19978.sock).
[2026-06-22T21:41:04.280Z][INFO] Hint: To connect to this UPM instance, launch Unity with the command-line parameter -upmIpcPath Upm-19978.
[2026-06-22T21:41:07.242Z][INFO] project:list-packages <-- Request received
params: {}
[2026-06-22T21:41:07.341Z][INFO] project:list-packages --> 200 (99 ms)
[2026-06-22T21:41:07.431Z][INFO] config:project:get-registries <-- Request received
params: {}
[2026-06-22T21:41:07.435Z][INFO] config:project:get-registries --> 200 (4 ms)
[2026-06-22T21:41:07.442Z][INFO] project:list-packages <-- Request received
params: {}
[2026-06-22T21:41:07.490Z][INFO] project:list-packages --> 200 (48 ms)
[2026-06-22T21:41:11.680Z][INFO] project:list-packages <-- Request received
params: {}
[2026-06-22T21:41:11.750Z][INFO] project:list-packages <-- Request received
params: {}
[2026-06-22T21:41:11.763Z][INFO] project:list-packages --> 200 (83 ms)
[2026-06-22T21:41:11.791Z][INFO] project:list-packages --> 200 (41 ms)
[2026-06-22T21:41:11.832Z][INFO] config:project:get-registries <-- Request received
params: {}
[2026-06-22T21:41:11.835Z][INFO] config:project:get-registries --> 200 (4 ms)
[2026-06-22T21:41:15.017Z][INFO] project:list-packages <-- Request received
params: {}
[2026-06-22T21:41:15.061Z][INFO] project:list-packages --> 200 (44 ms)
[2026-06-22T21:51:05.944Z][INFO] project:list-packages <-- Request received
params: {}
[2026-06-22T21:51:06.043Z][INFO] project:list-packages --> 200 (100 ms)
[2026-06-22T21:51:06.074Z][INFO] config:project:get-registries <-- Request received
params: {}
[2026-06-22T21:51:06.077Z][INFO] config:project:get-registries --> 200 (3 ms)
[2026-06-22T21:51:34.184Z][INFO] project:list-packages <-- Request received
params: {}
[2026-06-22T21:51:34.236Z][INFO] project:list-packages --> 200 (52 ms)
[2026-06-22T21:51:34.306Z][INFO] config:project:get-registries <-- Request received
params: {}
[2026-06-22T21:51:34.309Z][INFO] config:project:get-registries --> 200 (3 ms)
[2026-06-22T21:53:33.362Z][INFO] Received shutdown request (SIGTERM), shutting down Unity Package Manager
